<?xml version="1.0" encoding="utf-8"?>
<TestRun id="63ebe2dd-c190-4263-9513-60b9f618e43c" name="markc@DUOPRO 2025-05-08 01:44:28" runUser="DUOPRO\markc" xmlns="http://microsoft.com/schemas/VisualStudio/TeamTest/2010">
  <Times creation="2025-05-08T01:44:28.5605678+01:00" queuing="2025-05-08T01:44:28.5605683+01:00" start="2025-05-08T01:44:25.6062075+01:00" finish="2025-05-08T01:44:28.5742060+01:00" />
  <TestSettings name="default" id="0b049aee-bc9f-4176-93b4-d5d976e56944">
    <Deployment runDeploymentRoot="markc_DUOPRO_2025-05-08_01_44_28" />
  </TestSettings>
  <Results>
    <UnitTestResult executionId="ba6664ff-20da-44cc-bd4e-b5f32003b985" testId="811b0358-83f6-f387-d42a-9d277d0fd33c" testName="OpenRouter.Client.SystemTextJson.Tests.SystemTextJsonBasicTests.Test1" computerName="DUOPRO" duration="00:00:00.0037646" startTime="2025-05-08T01:44:28.3802378+01:00" endTime="2025-05-08T01:44:28.3802788+01:00" testType="13cdc9d9-ddb5-4fa4-a97d-d965ccfc6d4b" outcome="Passed" testListId="8c84fa94-04c1-424b-9868-57a2d4851a1d" relativeResultsDirectory="ba6664ff-20da-44cc-bd4e-b5f32003b985" />
  </Results>
  <TestDefinitions>
    <UnitTest name="OpenRouter.Client.SystemTextJson.Tests.SystemTextJsonBasicTests.Test1" storage="c:\work\captivereality\dev\experimental\openrouter\openrouter.client.systemtextjson.tests\bin\debug\net6.0\openrouter.client.systemtextjson.tests.dll" id="811b0358-83f6-f387-d42a-9d277d0fd33c">
      <Execution id="ba6664ff-20da-44cc-bd4e-b5f32003b985" />
      <TestMethod codeBase="C:\Work\CaptiveReality\Dev\Experimental\OpenRouter\OpenRouter.Client.SystemTextJson.Tests\bin\Debug\net6.0\OpenRouter.Client.SystemTextJson.Tests.dll" adapterTypeName="executor://xunit/VsTestRunner2/netcoreapp" className="OpenRouter.Client.SystemTextJson.Tests.SystemTextJsonBasicTests" name="Test1" />
    </UnitTest>
  </TestDefinitions>
  <TestEntries>
    <TestEntry testId="811b0358-83f6-f387-d42a-9d277d0fd33c" executionId="ba6664ff-20da-44cc-bd4e-b5f32003b985" testListId="8c84fa94-04c1-424b-9868-57a2d4851a1d" />
  </TestEntries>
  <TestLists>
    <TestList name="Results Not in a List" id="8c84fa94-04c1-424b-9868-57a2d4851a1d" />
    <TestList name="All Loaded Results" id="19431567-8539-422a-85d7-44ee4e166bda" />
  </TestLists>
  <ResultSummary outcome="Completed">
    <Counters total="1" executed="1" passed="1" failed="0" error="0" timeout="0" aborted="0" inconclusive="0" passedButRunAborted="0" notRunnable="0" notExecuted="0" disconnected="0" warning="0" completed="0" inProgress="0" pending="0" />
    <Output>
      <StdOut>[xUnit.net 00:00:00.01] xUnit.net VSTest Adapter v2.4.3+1b45f5407b (64-bit .NET 6.0.36)&#xD;
[xUnit.net 00:00:01.08]   Discovering: OpenRouter.Client.SystemTextJson.Tests&#xD;
[xUnit.net 00:00:01.15]   Discovered:  OpenRouter.Client.SystemTextJson.Tests&#xD;
[xUnit.net 00:00:01.15]   Starting:    OpenRouter.Client.SystemTextJson.Tests&#xD;
[xUnit.net 00:00:01.28]   Finished:    OpenRouter.Client.SystemTextJson.Tests&#xD;
</StdOut>
    </Output>
  </ResultSummary>
</TestRun>