<?xml version="1.0" encoding="utf-8"?>
<TestRun id="74f9dfb3-1c55-4e66-a254-4967a2d97de6" name="markc@DUOPRO 2025-05-08 01:51:17" runUser="DUOPRO\markc" xmlns="http://microsoft.com/schemas/VisualStudio/TeamTest/2010">
  <Times creation="2025-05-08T01:51:17.5239130+01:00" queuing="2025-05-08T01:51:17.5239133+01:00" start="2025-05-08T01:51:13.7341945+01:00" finish="2025-05-08T01:51:17.5364889+01:00" />
  <TestSettings name="default" id="31c34e14-db7a-44f8-a7f1-3a255b500f18">
    <Deployment runDeploymentRoot="markc_DUOPRO_2025-05-08_01_51_17" />
  </TestSettings>
  <Results>
    <UnitTestResult executionId="24ba4080-f07a-447a-b9cb-e0d0d9efb996" testId="456677ee-11ba-742a-7cf2-06f72bf2d3ea" testName="OpenRouter.Client.NewtonsoftJson.Tests.NewtonsoftJsonBasicTests.Test1" computerName="DUOPRO" duration="00:00:00.0043401" startTime="2025-05-08T01:51:17.3355975+01:00" endTime="2025-05-08T01:51:17.3356525+01:00" testType="13cdc9d9-ddb5-4fa4-a97d-d965ccfc6d4b" outcome="Passed" testListId="8c84fa94-04c1-424b-9868-57a2d4851a1d" relativeResultsDirectory="24ba4080-f07a-447a-b9cb-e0d0d9efb996" />
  </Results>
  <TestDefinitions>
    <UnitTest name="OpenRouter.Client.NewtonsoftJson.Tests.NewtonsoftJsonBasicTests.Test1" storage="c:\work\captivereality\dev\experimental\openrouter\openrouter.client.newtonsoftjson.tests\bin\debug\net6.0\openrouter.client.newtonsoftjson.tests.dll" id="456677ee-11ba-742a-7cf2-06f72bf2d3ea">
      <Execution id="24ba4080-f07a-447a-b9cb-e0d0d9efb996" />
      <TestMethod codeBase="C:\Work\CaptiveReality\Dev\Experimental\OpenRouter\OpenRouter.Client.NewtonsoftJson.Tests\bin\Debug\net6.0\OpenRouter.Client.NewtonsoftJson.Tests.dll" adapterTypeName="executor://xunit/VsTestRunner2/netcoreapp" className="OpenRouter.Client.NewtonsoftJson.Tests.NewtonsoftJsonBasicTests" name="Test1" />
    </UnitTest>
  </TestDefinitions>
  <TestEntries>
    <TestEntry testId="456677ee-11ba-742a-7cf2-06f72bf2d3ea" executionId="24ba4080-f07a-447a-b9cb-e0d0d9efb996" testListId="8c84fa94-04c1-424b-9868-57a2d4851a1d" />
  </TestEntries>
  <TestLists>
    <TestList name="Results Not in a List" id="8c84fa94-04c1-424b-9868-57a2d4851a1d" />
    <TestList name="All Loaded Results" id="19431567-8539-422a-85d7-44ee4e166bda" />
  </TestLists>
  <ResultSummary outcome="Completed">
    <Counters total="1" executed="1" passed="1" failed="0" error="0" timeout="0" aborted="0" inconclusive="0" passedButRunAborted="0" notRunnable="0" notExecuted="0" disconnected="0" warning="0" completed="0" inProgress="0" pending="0" />
    <Output>
      <StdOut>[xUnit.net 00:00:00.01] xUnit.net VSTest Adapter v2.4.3+1b45f5407b (64-bit .NET 6.0.36)&#xD;
[xUnit.net 00:00:01.20]   Discovering: OpenRouter.Client.NewtonsoftJson.Tests&#xD;
[xUnit.net 00:00:01.28]   Discovered:  OpenRouter.Client.NewtonsoftJson.Tests&#xD;
[xUnit.net 00:00:01.29]   Starting:    OpenRouter.Client.NewtonsoftJson.Tests&#xD;
[xUnit.net 00:00:01.49]   Finished:    OpenRouter.Client.NewtonsoftJson.Tests&#xD;
</StdOut>
    </Output>
  </ResultSummary>
</TestRun>