<?xml version="1.0" encoding="utf-8"?>
<TestRun id="7c053704-824b-485d-b535-fc4d390fd89b" name="markc@DUOPRO 2025-05-08 01:40:12" runUser="DUOPRO\markc" xmlns="http://microsoft.com/schemas/VisualStudio/TeamTest/2010">
  <Times creation="2025-05-08T01:40:12.3865428+01:00" queuing="2025-05-08T01:40:12.3865432+01:00" start="2025-05-08T01:40:09.9702302+01:00" finish="2025-05-08T01:40:12.3984529+01:00" />
  <TestSettings name="default" id="826931ea-23c4-4f77-8e4f-3b6b323e686a">
    <Deployment runDeploymentRoot="markc_DUOPRO_2025-05-08_01_40_12" />
  </TestSettings>
  <Results>
    <UnitTestResult executionId="95aaa924-adc6-46c4-bc7d-3e11f77aa215" testId="df40fbb5-38a3-a65a-a5cd-fb73f6817b5d" testName="OpenRouter.Client.Resilience.Tests.UnitTest1.Test1" computerName="DUOPRO" duration="00:00:00.0042985" startTime="2025-05-08T01:40:12.1652966+01:00" endTime="2025-05-08T01:40:12.1653563+01:00" testType="13cdc9d9-ddb5-4fa4-a97d-d965ccfc6d4b" outcome="Passed" testListId="8c84fa94-04c1-424b-9868-57a2d4851a1d" relativeResultsDirectory="95aaa924-adc6-46c4-bc7d-3e11f77aa215" />
  </Results>
  <TestDefinitions>
    <UnitTest name="OpenRouter.Client.Resilience.Tests.UnitTest1.Test1" storage="c:\work\captivereality\dev\experimental\openrouter\openrouter.client.resilience.tests\bin\debug\net6.0\openrouter.client.resilience.tests.dll" id="df40fbb5-38a3-a65a-a5cd-fb73f6817b5d">
      <Execution id="95aaa924-adc6-46c4-bc7d-3e11f77aa215" />
      <TestMethod codeBase="C:\Work\CaptiveReality\Dev\Experimental\OpenRouter\OpenRouter.Client.Resilience.Tests\bin\Debug\net6.0\OpenRouter.Client.Resilience.Tests.dll" adapterTypeName="executor://xunit/VsTestRunner2/netcoreapp" className="OpenRouter.Client.Resilience.Tests.UnitTest1" name="Test1" />
    </UnitTest>
  </TestDefinitions>
  <TestEntries>
    <TestEntry testId="df40fbb5-38a3-a65a-a5cd-fb73f6817b5d" executionId="95aaa924-adc6-46c4-bc7d-3e11f77aa215" testListId="8c84fa94-04c1-424b-9868-57a2d4851a1d" />
  </TestEntries>
  <TestLists>
    <TestList name="Results Not in a List" id="8c84fa94-04c1-424b-9868-57a2d4851a1d" />
    <TestList name="All Loaded Results" id="19431567-8539-422a-85d7-44ee4e166bda" />
  </TestLists>
  <ResultSummary outcome="Completed">
    <Counters total="1" executed="1" passed="1" failed="0" error="0" timeout="0" aborted="0" inconclusive="0" passedButRunAborted="0" notRunnable="0" notExecuted="0" disconnected="0" warning="0" completed="0" inProgress="0" pending="0" />
    <Output>
      <StdOut>[xUnit.net 00:00:00.00] xUnit.net VSTest Adapter v2.4.3+1b45f5407b (64-bit .NET 6.0.36)&#xD;
[xUnit.net 00:00:00.96]   Discovering: OpenRouter.Client.Resilience.Tests&#xD;
[xUnit.net 00:00:01.03]   Discovered:  OpenRouter.Client.Resilience.Tests&#xD;
[xUnit.net 00:00:01.03]   Starting:    OpenRouter.Client.Resilience.Tests&#xD;
[xUnit.net 00:00:01.16]   Finished:    OpenRouter.Client.Resilience.Tests&#xD;
</StdOut>
    </Output>
  </ResultSummary>
</TestRun>